This is pdfTeX, Version 3.1415926-2.5-1.40.14 (TeX Live 2013/Debian) (format=latex 2015.5.18)  19 JAN 2016 14:39
entering extended mode
 restricted \write18 enabled.
 %&-line parsing enabled.
**feynmf.ins
(./feynmf.ins
LaTeX2e <2011/06/27>
Babel <3.9h> and hyphenation patterns for 2 languages loaded.
(/usr/share/texlive/texmf-dist/tex/latex/base/docstrip.tex
\blockLevel=\count79
\emptyLines=\count80
\processedLines=\count81
\commentsRemoved=\count82
\commentsPassed=\count83
\codeLinesPassed=\count84
\TotalprocessedLines=\count85
\TotalcommentsRemoved=\count86
\TotalcommentsPassed=\count87
\TotalcodeLinesPassed=\count88
\NumberOfFiles=\count89
\inFile=\read1
\inputcheck=\read2
\off@0=\count90
\off@1=\count91
\off@2=\count92
\off@3=\count93
\off@4=\count94
\off@5=\count95
\off@6=\count96
\off@7=\count97
\off@8=\count98
\off@9=\count99
\off@10=\count100
\off@11=\count101
\off@12=\count102
\off@13=\count103
\off@14=\count104
\off@15=\count105
\@maxfiles=\count106
\@maxoutfiles=\count107

Utility: `docstrip' 2.5d <2005/07/29>
English documentation    <1999/03/31>

**********************************************************
* This program converts documented macro-files into fast *
* loadable files by stripping off (nearly) all comments! *
**********************************************************

********************************************************
* No Configuration file found, using default settings. *
********************************************************

(./feynmf.ins
Generating style file feynmf.sty for the feynmf package:

Generating file(s) ./feynmf.sty 
\openout0 = `./feynmf.sty'.


Processing file feynmf.dtx (style) -> feynmf.sty
File feynmf.dtx ended by \endinput.
Lines  processed: 7792
Comments removed: 5055
Comments  passed: 19
Codelines passed: 2520

Generating Metafont base feynmf.mf:

Generating file(s) ./feynmf.mf 
\openout0 = `./feynmf.mf'.


Processing file feynmf.dtx (base) -> feynmf.mf
File feynmf.dtx ended by \endinput.
Lines  processed: 7792
Comments removed: 5055
Comments  passed: 19
Codelines passed: 2520

Generating style file feynmp.sty for the MetaPost version:

Generating file(s) ./feynmp.sty 
\openout0 = `./feynmp.sty'.


Processing file feynmf.dtx (style,mp) -> feynmp.sty
File feynmf.dtx ended by \endinput.
Lines  processed: 7792
Comments removed: 5055
Comments  passed: 19
Codelines passed: 2520

Generating MetaPost base feynmp.mp:

Generating file(s) ./feynmp.mp 
\openout0 = `./feynmp.mp'.


Processing file feynmf.dtx (base,mp) -> feynmp.mp
File feynmf.dtx ended by \endinput.
Lines  processed: 7792
Comments removed: 5055
Comments  passed: 19
Codelines passed: 2520

Generating driver file for manual fmfman.drv:

Generating file(s) ./fmfman.drv 
\openout0 = `./fmfman.drv'.


Processing file feynmf.dtx (driver,manual) -> fmfman.drv
File feynmf.dtx ended by \endinput.
Lines  processed: 7792
Comments removed: 5055
Comments  passed: 19
Codelines passed: 2520

Generating alternate MetaPost driver file fmfmanps.drv:

Generating file(s) ./fmfmanps.drv 
\openout0 = `./fmfmanps.drv'.


Processing file feynmf.dtx (driver,manual,mp) -> fmfmanps.drv
File feynmf.dtx ended by \endinput.
Lines  processed: 7792
Comments removed: 5055
Comments  passed: 19
Codelines passed: 2520

Generating driver file for documentation feynmf.drv:

Generating file(s) ./feynmf.drv 
\openout0 = `./feynmf.drv'.


Processing file feynmf.dtx (driver) -> feynmf.drv
File feynmf.dtx ended by \endinput.
Lines  processed: 7792
Comments removed: 5055
Comments  passed: 19
Codelines passed: 2520

Generating alternate MetaPost driver file feynmp.drv:

Generating file(s) ./feynmp.drv 
\openout0 = `./feynmp.drv'.


Processing file feynmf.dtx (driver,mp) -> feynmp.drv
File feynmf.dtx ended by \endinput.
Lines  processed: 7792
Comments removed: 5055
Comments  passed: 19
Codelines passed: 2520

***************************************************************
*
* To finish the installation you have to move the files
*
*  o feynmf.sty into a directory searched by TeX
*  o feynmf.mf into a directory searched by Metafont
*  o feynmp.sty into a directory searched by TeX
*  o feynmp.mp into a directory searched by MetaPost
*
* You can remove the latter two if you don't have
* John Hobby's MetaPost system. Optionally you can copy the
* files fmfman.dtx and fmfmanps.drv into a directory searched by
* TeX, so that users can print a copy of the documentation.
*
***************************************************************
)
Overall statistics:
Files  processed: 8
Lines  processed: 62336
Comments removed: 40440
Comments  passed: 152
Codelines passed: 20160
 ) ) 
Here is how much of TeX's memory you used:
 373 strings out of 495029
 3797 string characters out of 6181523
 54045 words of memory out of 5000000
 3669 multiletter control sequences out of 15000+600000
 3640 words of font info for 14 fonts, out of 8000000 for 9000
 14 hyphenation exceptions out of 8191
 16i,0n,18p,222b,135s stack positions out of 5000i,500n,10000p,200000b,80000s

No pages of output.
